<?xml version="1.0" encoding="UTF-8"?>
<robot generated="20170915 15:57:39.122" generator="Robot 3.0.2 (Python 2.7.13 on win32)">
<suite source="C:\Development\RobotFramework\MSDFaceBookTest\tests\facebooktestrunner.robot" id="s1" name="Facebooktestrunner">
<test id="s1-t1" name="Facebook Registration Test">
<kw type="setup" name="Begin Web Test" library="Common">
<kw name="Open Browser" library="Selenium2Library">
<doc>Opens a new browser instance to given URL.</doc>
<arguments>
<arg>about:blank</arg>
<arg>${BROWSER}</arg>
</arguments>
<msg timestamp="20170915 15:57:39.274" level="INFO">Opening browser 'chrome' to base url 'about:blank'</msg>
<status status="PASS" endtime="20170915 15:57:44.992" starttime="20170915 15:57:39.274"></status>
</kw>
<kw name="Maximize Browser Window" library="Selenium2Library">
<doc>Maximizes current browser window.</doc>
<status status="PASS" endtime="20170915 15:57:46.369" starttime="20170915 15:57:44.992"></status>
</kw>
<status status="PASS" endtime="20170915 15:57:46.370" starttime="20170915 15:57:39.273"></status>
</kw>
<kw name="Facebook Registration" library="Facebook">
<kw name="Load" library="LandingPage">
<kw name="Go To" library="Selenium2Library">
<doc>Navigates the active browser instance to the provided URL.</doc>
<arguments>
<arg>${URL}</arg>
</arguments>
<msg timestamp="20170915 15:57:46.374" level="INFO">Opening url 'http://www.facebook.com'</msg>
<status status="PASS" endtime="20170915 15:57:48.426" starttime="20170915 15:57:46.374"></status>
</kw>
<status status="PASS" endtime="20170915 15:57:48.426" starttime="20170915 15:57:46.373"></status>
</kw>
<kw name="Verify Page Loaded" library="LandingPage">
<kw name="Wait Until Page Contains" library="Selenium2Library">
<doc>Waits until `text` appears on current page.</doc>
<arguments>
<arg>Facebook</arg>
</arguments>
<status status="PASS" endtime="20170915 15:57:48.906" starttime="20170915 15:57:48.427"></status>
</kw>
<status status="PASS" endtime="20170915 15:57:48.907" starttime="20170915 15:57:48.427"></status>
</kw>
<kw name="Provide Required Details for Registration" library="LandingPage">
<kw name="Enter the First Name" library="LandingPage">
<kw name="Input Text" library="Selenium2Library">
<doc>Types the given `text` into text field identified by `locator`.</doc>
<arguments>
<arg>//*[@id="u_0_f"]</arg>
<arg>${FIRSTNAME}</arg>
</arguments>
<msg timestamp="20170915 15:57:48.909" level="INFO">Typing text 'Sampath' into text field '//*[@id="u_0_f"]'</msg>
<status status="PASS" endtime="20170915 15:57:49.564" starttime="20170915 15:57:48.908"></status>
</kw>
<status status="PASS" endtime="20170915 15:57:49.565" starttime="20170915 15:57:48.908"></status>
</kw>
<kw name="Enter the Last Name" library="LandingPage">
<kw name="Input Text" library="Selenium2Library">
<doc>Types the given `text` into text field identified by `locator`.</doc>
<arguments>
<arg>//*[@id="u_0_h"]</arg>
<arg>${LASTNAME}</arg>
</arguments>
<msg timestamp="20170915 15:57:49.568" level="INFO">Typing text 'Sunny' into text field '//*[@id="u_0_h"]'</msg>
<status status="PASS" endtime="20170915 15:57:50.196" starttime="20170915 15:57:49.567"></status>
</kw>
<status status="PASS" endtime="20170915 15:57:50.196" starttime="20170915 15:57:49.565"></status>
</kw>
<kw name="Enter the Email Address" library="LandingPage">
<kw name="Input Text" library="Selenium2Library">
<doc>Types the given `text` into text field identified by `locator`.</doc>
<arguments>
<arg>//*[@id="u_0_k"]</arg>
<arg>${EMAILADDRESS}</arg>
</arguments>
<msg timestamp="20170915 15:57:50.198" level="INFO">Typing text 'speicherfashions@gmail.com' into text field '//*[@id="u_0_k"]'</msg>
<status status="PASS" endtime="20170915 15:57:51.043" starttime="20170915 15:57:50.197"></status>
</kw>
<status status="PASS" endtime="20170915 15:57:51.043" starttime="20170915 15:57:50.197"></status>
</kw>
<kw name="Re-Enter the Email Address" library="LandingPage">
<kw name="Input Text" library="Selenium2Library">
<doc>Types the given `text` into text field identified by `locator`.</doc>
<arguments>
<arg>//*[@id="u_0_n"]</arg>
<arg>${EMAILADDRESS}</arg>
</arguments>
<msg timestamp="20170915 15:57:51.044" level="INFO">Typing text 'speicherfashions@gmail.com' into text field '//*[@id="u_0_n"]'</msg>
<status status="PASS" endtime="20170915 15:57:51.865" starttime="20170915 15:57:51.043"></status>
</kw>
<status status="PASS" endtime="20170915 15:57:51.865" starttime="20170915 15:57:51.043"></status>
</kw>
<kw name="Enter the Password" library="LandingPage">
<kw name="Input Text" library="Selenium2Library">
<doc>Types the given `text` into text field identified by `locator`.</doc>
<arguments>
<arg>//*[@id="u_0_r"]</arg>
<arg>${PASSWORD}</arg>
</arguments>
<msg timestamp="20170915 15:57:51.867" level="INFO">Typing text 'Work2win$$$' into text field '//*[@id="u_0_r"]'</msg>
<status status="PASS" endtime="20170915 15:57:52.507" starttime="20170915 15:57:51.866"></status>
</kw>
<kw name="Sleep" library="BuiltIn">
<doc>Pauses the test executed for the given time.</doc>
<arguments>
<arg>5s</arg>
</arguments>
<msg timestamp="20170915 15:57:57.508" level="INFO">Slept 5 seconds</msg>
<status status="PASS" endtime="20170915 15:57:57.508" starttime="20170915 15:57:52.507"></status>
</kw>
<status status="PASS" endtime="20170915 15:57:57.508" starttime="20170915 15:57:51.865"></status>
</kw>
<kw name="Select the date of Birth" library="LandingPage">
<kw name="Select the Day" library="LandingPage">
<kw name="Select From List By Value" library="Selenium2Library">
<doc>Selects `*values` from list identified by `locator`</doc>
<arguments>
<arg>//*[@id="day"]</arg>
<arg>${DAY}</arg>
</arguments>
<msg timestamp="20170915 15:57:57.509" level="INFO">Selecting value(s) '18' from list '//*[@id="day"]'.</msg>
<status status="PASS" endtime="20170915 15:57:58.835" starttime="20170915 15:57:57.509"></status>
</kw>
<status status="PASS" endtime="20170915 15:57:58.835" starttime="20170915 15:57:57.508"></status>
</kw>
<kw name="Select the Month" library="LandingPage">
<kw name="Select From List By Value" library="Selenium2Library">
<doc>Selects `*values` from list identified by `locator`</doc>
<arguments>
<arg>//*[@id="month"]</arg>
<arg>${MONTH}</arg>
</arguments>
<msg timestamp="20170915 15:57:58.836" level="INFO">Selecting value(s) '11' from list '//*[@id="month"]'.</msg>
<status status="PASS" endtime="20170915 15:58:00.118" starttime="20170915 15:57:58.836"></status>
</kw>
<status status="PASS" endtime="20170915 15:58:00.118" starttime="20170915 15:57:58.836"></status>
</kw>
<kw name="Select the Year" library="LandingPage">
<kw name="Select From List By Value" library="Selenium2Library">
<doc>Selects `*values` from list identified by `locator`</doc>
<arguments>
<arg>//*[@id="year"]</arg>
<arg>${YEAR}</arg>
</arguments>
<msg timestamp="20170915 15:58:00.119" level="INFO">Selecting value(s) '1992' from list '//*[@id="year"]'.</msg>
<status status="PASS" endtime="20170915 15:58:01.512" starttime="20170915 15:58:00.118"></status>
</kw>
<status status="PASS" endtime="20170915 15:58:01.513" starttime="20170915 15:58:00.118"></status>
</kw>
<status status="PASS" endtime="20170915 15:58:01.513" starttime="20170915 15:57:57.508"></status>
</kw>
<kw name="Select the Gender" library="LandingPage">
<kw name="Click Element" library="Selenium2Library">
<doc>Click element identified by `locator`.</doc>
<arguments>
<arg>//*[@id="u_0_v"]/span[2]/label</arg>
</arguments>
<msg timestamp="20170915 15:58:01.517" level="INFO">Clicking element '//*[@id="u_0_v"]/span[2]/label'.</msg>
<status status="PASS" endtime="20170915 15:58:01.863" starttime="20170915 15:58:01.516"></status>
</kw>
<kw name="Sleep" library="BuiltIn">
<doc>Pauses the test executed for the given time.</doc>
<arguments>
<arg>3s</arg>
</arguments>
<msg timestamp="20170915 15:58:04.865" level="INFO">Slept 3 seconds</msg>
<status status="PASS" endtime="20170915 15:58:04.865" starttime="20170915 15:58:01.864"></status>
</kw>
<status status="PASS" endtime="20170915 15:58:04.865" starttime="20170915 15:58:01.514"></status>
</kw>
<status status="PASS" endtime="20170915 15:58:04.866" starttime="20170915 15:57:48.907"></status>
</kw>
<kw name="Create the Account" library="LandingPage">
<kw name="Click Button" library="Selenium2Library">
<doc>Clicks a button identified by `locator`.</doc>
<arguments>
<arg>//*[@id="u_0_x"]</arg>
</arguments>
<msg timestamp="20170915 15:58:04.867" level="INFO">Clicking button '//*[@id="u_0_x"]'.</msg>
<status status="PASS" endtime="20170915 15:58:05.785" starttime="20170915 15:58:04.867"></status>
</kw>
<kw name="Sleep" library="BuiltIn">
<doc>Pauses the test executed for the given time.</doc>
<arguments>
<arg>5s</arg>
</arguments>
<msg timestamp="20170915 15:58:10.787" level="INFO">Slept 5 seconds</msg>
<status status="PASS" endtime="20170915 15:58:10.787" starttime="20170915 15:58:05.786"></status>
</kw>
<status status="PASS" endtime="20170915 15:58:10.787" starttime="20170915 15:58:04.866"></status>
</kw>
<kw name="Verify Page Loaded" library="RegistrationConfirmationPage">
<kw name="Wait Until Page Contains" library="Selenium2Library">
<doc>Waits until `text` appears on current page.</doc>
<arguments>
<arg>Confirm your email address</arg>
</arguments>
<status status="PASS" endtime="20170915 15:58:10.844" starttime="20170915 15:58:10.787"></status>
</kw>
<kw name="Sleep" library="BuiltIn">
<doc>Pauses the test executed for the given time.</doc>
<arguments>
<arg>20s</arg>
</arguments>
<msg timestamp="20170915 15:58:30.845" level="INFO">Slept 20 seconds</msg>
<status status="PASS" endtime="20170915 15:58:30.845" starttime="20170915 15:58:10.844"></status>
</kw>
<kw name="Sleep" library="BuiltIn">
<doc>Pauses the test executed for the given time.</doc>
<arguments>
<arg>2s</arg>
</arguments>
<msg timestamp="20170915 15:58:32.846" level="INFO">Slept 2 seconds</msg>
<status status="PASS" endtime="20170915 15:58:32.846" starttime="20170915 15:58:30.846"></status>
</kw>
<status status="PASS" endtime="20170915 15:58:32.846" starttime="20170915 15:58:10.787"></status>
</kw>
<status status="PASS" endtime="20170915 15:58:32.846" starttime="20170915 15:57:46.371"></status>
</kw>
<kw name="Gmail Verification" library="Facebook">
<kw name="Connect to Gmail" library="RegistrationConfirmationPage">
<kw name="Click Button" library="Selenium2Library">
<doc>Clicks a button identified by `locator`.</doc>
<arguments>
<arg>//*[@id="confirm_center"]/div/div[2]/div[4]/div[2]/button</arg>
</arguments>
<msg timestamp="20170915 15:58:32.847" level="INFO">Clicking button '//*[@id="confirm_center"]/div/div[2]/div[4]/div[2]/button'.</msg>
<kw name="Capture Page Screenshot" library="Selenium2Library">
<doc>Takes a screenshot of the current page and embeds it into the log.</doc>
<msg timestamp="20170915 15:58:33.424" html="yes" level="INFO">&lt;/td&gt;&lt;/tr&gt;&lt;tr&gt;&lt;td colspan="3"&gt;&lt;a href="selenium-screenshot-1.png"&gt;&lt;img src="selenium-screenshot-1.png" width="800px"&gt;&lt;/a&gt;</msg>
<status status="PASS" endtime="20170915 15:58:33.424" starttime="20170915 15:58:32.881"></status>
</kw>
<msg timestamp="20170915 15:58:33.426" level="FAIL">ValueError: Element locator '//*[@id="confirm_center"]/div/div[2]/div[4]/div[2]/button' did not match any elements.</msg>
<status status="FAIL" endtime="20170915 15:58:33.426" starttime="20170915 15:58:32.847"></status>
</kw>
<status status="FAIL" endtime="20170915 15:58:33.426" starttime="20170915 15:58:32.847"></status>
</kw>
<status status="FAIL" endtime="20170915 15:58:33.426" starttime="20170915 15:58:32.846"></status>
</kw>
<kw type="teardown" name="End Web Test" library="Common">
<kw name="Close Browser" library="Selenium2Library">
<doc>Closes the current browser.</doc>
<status status="PASS" endtime="20170915 15:58:37.665" starttime="20170915 15:58:33.427"></status>
</kw>
<status status="PASS" endtime="20170915 15:58:37.665" starttime="20170915 15:58:33.427"></status>
</kw>
<status status="FAIL" endtime="20170915 15:58:37.666" critical="yes" starttime="20170915 15:57:39.273">ValueError: Element locator '//*[@id="confirm_center"]/div/div[2]/div[4]/div[2]/button' did not match any elements.</status>
</test>
<test id="s1-t2" name="Facebook Post Test">
<kw type="setup" name="Begin Web Test" library="Common">
<kw name="Open Browser" library="Selenium2Library">
<doc>Opens a new browser instance to given URL.</doc>
<arguments>
<arg>about:blank</arg>
<arg>${BROWSER}</arg>
</arguments>
<msg timestamp="20170915 15:58:37.670" level="INFO">Opening browser 'chrome' to base url 'about:blank'</msg>
<status status="PASS" endtime="20170915 15:58:44.337" starttime="20170915 15:58:37.669"></status>
</kw>
<kw name="Maximize Browser Window" library="Selenium2Library">
<doc>Maximizes current browser window.</doc>
<status status="PASS" endtime="20170915 15:58:50.560" starttime="20170915 15:58:44.337"></status>
</kw>
<status status="PASS" endtime="20170915 15:58:50.561" starttime="20170915 15:58:37.669"></status>
</kw>
<kw name="Facebook Login" library="Facebook">
<kw name="Load" library="LandingPage">
<kw name="Go To" library="Selenium2Library">
<doc>Navigates the active browser instance to the provided URL.</doc>
<arguments>
<arg>${URL}</arg>
</arguments>
<msg timestamp="20170915 15:58:50.562" level="INFO">Opening url 'http://www.facebook.com'</msg>
<kw name="Capture Page Screenshot" library="Selenium2Library">
<doc>Takes a screenshot of the current page and embeds it into the log.</doc>
<msg timestamp="20170915 15:58:50.793" level="FAIL">NoSuchWindowException: Message: no such window: target window already closed
from unknown error: web view not found
  (Session info: chrome=60.0.3112.113)
  (Driver info: chromedriver=2.32.498550 (9dec58e66c31bcc53a9ce3c7226f0c1c5810906a),platform=Windows NT 10.0.15063 x86_64)
</msg>
<status status="FAIL" endtime="20170915 15:58:50.793" starttime="20170915 15:58:50.566"></status>
</kw>
<msg timestamp="20170915 15:58:50.793" level="WARN">Keyword 'Capture Page Screenshot' could not be run on failure: NoSuchWindowException: Message: no such window: target window already closed
from unknown error: web view not found
  (Session info: chrome=60.0.3112.113)
  (Driver info: chromedriver=2.32.498550 (9dec58e66c31bcc53a9ce3c7226f0c1c5810906a),platform=Windows NT 10.0.15063 x86_64)
</msg>
<msg timestamp="20170915 15:58:50.796" level="FAIL">NoSuchWindowException: Message: no such window: target window already closed
from unknown error: web view not found
  (Session info: chrome=60.0.3112.113)
  (Driver info: chromedriver=2.32.498550 (9dec58e66c31bcc53a9ce3c7226f0c1c5810906a),platform=Windows NT 10.0.15063 x86_64)
</msg>
<status status="FAIL" endtime="20170915 15:58:50.796" starttime="20170915 15:58:50.562"></status>
</kw>
<status status="FAIL" endtime="20170915 15:58:50.796" starttime="20170915 15:58:50.562"></status>
</kw>
<status status="FAIL" endtime="20170915 15:58:50.796" starttime="20170915 15:58:50.561"></status>
</kw>
<kw type="teardown" name="End Web Test" library="Common">
<kw name="Close Browser" library="Selenium2Library">
<doc>Closes the current browser.</doc>
<status status="PASS" endtime="20170915 15:58:53.814" starttime="20170915 15:58:50.797"></status>
</kw>
<status status="PASS" endtime="20170915 15:58:53.814" starttime="20170915 15:58:50.796"></status>
</kw>
<status status="FAIL" endtime="20170915 15:58:53.815" critical="yes" starttime="20170915 15:58:37.668">NoSuchWindowException: Message: no such window: target window already closed
from unknown error: web view not found
  (Session info: chrome=60.0.3112.113)
  (Driver info: chromedriver=2.32.498550 (9dec58e66c31bcc53a9ce3c7226f0c1c5810906a),platform=Windows NT 10.0.15063 x86_64)
</status>
</test>
<doc>This is some basic info about the whole suite</doc>
<status status="FAIL" endtime="20170915 15:58:53.817" starttime="20170915 15:57:39.125"></status>
</suite>
<statistics>
<total>
<stat fail="2" pass="0">Critical Tests</stat>
<stat fail="2" pass="0">All Tests</stat>
</total>
<tag>
</tag>
<suite>
<stat fail="2" id="s1" name="Facebooktestrunner" pass="0">Facebooktestrunner</stat>
</suite>
</statistics>
<errors>
<msg timestamp="20170915 15:58:50.793" level="WARN">Keyword 'Capture Page Screenshot' could not be run on failure: NoSuchWindowException: Message: no such window: target window already closed
from unknown error: web view not found
  (Session info: chrome=60.0.3112.113)
  (Driver info: chromedriver=2.32.498550 (9dec58e66c31bcc53a9ce3c7226f0c1c5810906a),platform=Windows NT 10.0.15063 x86_64)
</msg>
</errors>
</robot>
